<?xml version="1.0" encoding="UTF-8"?>
<!-- Generated by org.testng.reporters.JUnitXMLReporter -->
<testsuite hostname="MSalman" name="LoginTest" tests="12" failures="0" timestamp="23 Nov 2018 11:13:38 GMT" time="71.075" errors="0">
  <testcase name="TC_Negative_Verify_InvalidUserName_InvalidPassword" time="8.573" classname="tests.ReactSignInTest"/>
  <testcase name="TC_Negative_Verify_InvalidUserName_validPassword" time="4.561" classname="tests.ReactSignInTest"/>
  <testcase name="TC_Negative_Verify_validUserName_InvalidPassword" time="4.509" classname="tests.ReactSignInTest"/>
  <testcase name="TC_Negative_Verify_IncorrectUserName_IncorrectPassword" time="4.648" classname="tests.ReactSignInTest"/>
  <testcase name="TC_Negative_Verify_IncorrectUserName_correctPassword" time="4.564" classname="tests.ReactSignInTest"/>
  <testcase name="TC_Negative_Verify_correctUserName_IncorrectPassword" time="4.549" classname="tests.ReactSignInTest"/>
  <testcase name="TC_Negative_Verify_EmptyUserName_EmpltyPassword" time="7.376" classname="tests.ReactSignInTest"/>
  <testcase name="TC_Negative_Verify_EmptyUserName_ValidPassword" time="4.514" classname="tests.ReactSignInTest"/>
  <testcase name="TC_Negative_Verify_UserName_ValidPassword" time="4.641" classname="tests.ReactSignInTest"/>
  <testcase name="TC_Positive_Verify_ValidUserName_ValidPassword" time="9.99" classname="tests.ReactSignInTest"/>
  <testcase name="TC_Positive_Verify_the_NewUser_login_ByFacebook" time="4.381" classname="tests.ReactSignInTest"/>
  <testcase name="TC_Positive_Verify_the_NewUser_login_ByLinkedIn" time="4.285" classname="tests.ReactSignInTest"/>
</testsuite> <!-- LoginTest -->
